<?xml version="1.0" encoding="UTF-8"?>
<testng-results ignored="0" total="1" passed="1" failed="0" skipped="0">
  <reporter-output>
  </reporter-output>
  <suite started-at="2022-06-06T23:23:30 IST" name="Default suite" finished-at="2022-06-06T23:24:01 IST" duration-ms="30796">
    <groups>
    </groups>
    <test started-at="2022-06-06T23:23:30 IST" name="Default test" finished-at="2022-06-06T23:24:01 IST" duration-ms="30796">
      <class name="com.crm.autodesk.QuestionAnswerTest">
        <test-method is-config="true" signature="loggingInBrowser()[pri:0, instance:com.crm.autodesk.QuestionAnswerTest@2b91004a]" started-at="2022-06-06T23:23:30 IST" name="loggingInBrowser" finished-at="2022-06-06T23:23:38 IST" duration-ms="7280" status="PASS">
          <reporter-output>
          </reporter-output>
        </test-method> <!-- loggingInBrowser -->
        <test-method is-config="true" signature="loggingIntoApplication()[pri:0, instance:com.crm.autodesk.QuestionAnswerTest@2b91004a]" started-at="2022-06-06T23:23:38 IST" name="loggingIntoApplication" finished-at="2022-06-06T23:23:44 IST" duration-ms="6266" status="PASS">
          <reporter-output>
          </reporter-output>
        </test-method> <!-- loggingIntoApplication -->
        <test-method signature="plumbing()[pri:0, instance:com.crm.autodesk.QuestionAnswerTest@2b91004a]" started-at="2022-06-06T23:23:44 IST" name="plumbing" finished-at="2022-06-06T23:24:01 IST" duration-ms="17211" status="PASS">
          <reporter-output>
          </reporter-output>
        </test-method> <!-- plumbing -->
      </class> <!-- com.crm.autodesk.QuestionAnswerTest -->
    </test> <!-- Default test -->
  </suite> <!-- Default suite -->
</testng-results>
